03:21:48.412 [background-preinit] INFO  o.h.validator.internal.util.Version - HV000001: Hibernate Validator 8.0.1.Final
03:21:52.605 [main] INFO  o.s.d.r.c.RepositoryConfigurationDelegate - Bootstrapping Spring Data JPA repositories in DEFAULT mode.
03:21:52.859 [main] INFO  o.s.d.r.c.RepositoryConfigurationDelegate - Finished Spring Data repository scanning in 227 ms. Found 1 JPA repository interface.
03:21:56.867 [main] INFO  o.s.b.w.e.tomcat.TomcatWebServer - Tomcat initialized with port(s): 8080 (http)
03:21:56.877 [main] INFO  o.a.coyote.http11.Http11NioProtocol - Initializing ProtocolHandler ["http-nio-8080"]
03:21:56.881 [main] INFO  o.a.catalina.core.StandardService - Starting service [Tomcat]
03:21:56.881 [main] INFO  o.a.catalina.core.StandardEngine - Starting Servlet engine: [Apache Tomcat/10.1.16]
03:21:57.047 [main] INFO  o.a.c.c.C.[Tomcat].[localhost].[/] - Initializing Spring embedded WebApplicationContext
03:21:57.049 [main] INFO  o.s.b.w.s.c.ServletWebServerApplicationContext - Root WebApplicationContext: initialization completed in 8137 ms
03:21:57.919 [main] INFO  o.h.jpa.internal.util.LogHelper - HHH000204: Processing PersistenceUnitInfo [name: default]
03:21:58.075 [main] INFO  org.hibernate.Version - HHH000412: Hibernate ORM core version 6.2.13.Final
03:21:58.082 [main] INFO  org.hibernate.cfg.Environment - HHH000406: Using bytecode reflection optimizer
03:21:58.806 [main] INFO  o.s.o.j.p.SpringPersistenceUnitInfo - No LoadTimeWeaver setup: ignoring JPA class transformer
03:21:58.887 [main] INFO  com.zaxxer.hikari.HikariDataSource - HikariPool-1 - Starting...
03:21:59.216 [main] INFO  com.zaxxer.hikari.pool.HikariPool - HikariPool-1 - Added connection org.postgresql.jdbc.PgConnection@1328f482
03:21:59.218 [main] INFO  com.zaxxer.hikari.HikariDataSource - HikariPool-1 - Start completed.
03:21:59.294 [main] WARN  org.hibernate.orm.deprecation - HHH90000025: PostgreSQLDialect does not need to be specified explicitly using 'hibernate.dialect' (remove the property setting and it will be selected by default)
03:22:01.550 [main] INFO  o.h.e.t.j.p.i.JtaPlatformInitiator - HHH000489: No JTA platform available (set 'hibernate.transaction.jta.platform' to enable JTA platform integration)
03:22:01.746 [main] INFO  o.s.o.j.LocalContainerEntityManagerFactoryBean - Initialized JPA EntityManagerFactory for persistence unit 'default'
03:22:02.789 [main] TRACE o.s.s.c.a.a.c.AuthenticationConfiguration$EnableGlobalAuthenticationAutowiredConfigurer - Eagerly initializing {securityConfig=xyz.kiridepapel.portfoliobackend.config.SecurityConfig@58922a00}
03:22:02.978 [main] WARN  o.s.b.a.o.j.JpaBaseConfiguration$JpaWebConfiguration - spring.jpa.open-in-view is enabled by default. Therefore, database queries may be performed during view rendering. Explicitly configure spring.jpa.open-in-view to disable this warning
03:22:03.923 [main] INFO  o.s.b.a.e.web.EndpointLinksResolver - Exposing 1 endpoint(s) beneath base path '/actuator'
03:22:04.026 [main] INFO  o.s.s.web.DefaultSecurityFilterChain - Will secure any request with [org.springframework.security.web.session.DisableEncodeUrlFilter@7af5ce66, org.springframework.security.web.context.request.async.WebAsyncManagerIntegrationFilter@3f2bf80d, org.springframework.security.web.context.SecurityContextHolderFilter@738ed8d3, org.springframework.security.web.header.HeaderWriterFilter@6db59e26, org.springframework.web.filter.CorsFilter@6cb5a64d, org.springframework.security.web.authentication.logout.LogoutFilter@78c9c38a, xyz.kiridepapel.portfoliobackend.config.JwtAuthenticationFilter@6894436e, org.springframework.security.web.savedrequest.RequestCacheAwareFilter@517fb2c3, org.springframework.security.web.servletapi.SecurityContextHolderAwareRequestFilter@69e58566, org.springframework.security.web.authentication.AnonymousAuthenticationFilter@729eef5f, org.springframework.security.web.access.ExceptionTranslationFilter@6e200307, org.springframework.security.web.access.intercept.AuthorizationFilter@1d4b0a07]
03:22:05.231 [main] INFO  o.a.coyote.http11.Http11NioProtocol - Starting ProtocolHandler ["http-nio-8080"]
03:22:05.315 [main] INFO  o.s.b.w.e.tomcat.TomcatWebServer - Tomcat started on port(s): 8080 (http) with context path ''
03:22:56.699 [http-nio-8080-exec-1] INFO  o.a.c.c.C.[Tomcat].[localhost].[/] - Initializing Spring DispatcherServlet 'dispatcherServlet'
03:22:56.700 [http-nio-8080-exec-1] INFO  o.s.web.servlet.DispatcherServlet - Initializing Servlet 'dispatcherServlet'
03:22:56.705 [http-nio-8080-exec-1] INFO  o.s.web.servlet.DispatcherServlet - Completed initialization in 5 ms
03:22:56.734 [http-nio-8080-exec-1] TRACE o.s.security.web.FilterChainProxy - Trying to match request against DefaultSecurityFilterChain [RequestMatcher=any request, Filters=[org.springframework.security.web.session.DisableEncodeUrlFilter@7af5ce66, org.springframework.security.web.context.request.async.WebAsyncManagerIntegrationFilter@3f2bf80d, org.springframework.security.web.context.SecurityContextHolderFilter@738ed8d3, org.springframework.security.web.header.HeaderWriterFilter@6db59e26, org.springframework.web.filter.CorsFilter@6cb5a64d, org.springframework.security.web.authentication.logout.LogoutFilter@78c9c38a, xyz.kiridepapel.portfoliobackend.config.JwtAuthenticationFilter@6894436e, org.springframework.security.web.savedrequest.RequestCacheAwareFilter@517fb2c3, org.springframework.security.web.servletapi.SecurityContextHolderAwareRequestFilter@69e58566, org.springframework.security.web.authentication.AnonymousAuthenticationFilter@729eef5f, org.springframework.security.web.access.ExceptionTranslationFilter@6e200307, org.springframework.security.web.access.intercept.AuthorizationFilter@1d4b0a07]] (1/1)
03:22:56.735 [http-nio-8080-exec-1] DEBUG o.s.security.web.FilterChainProxy - Securing GET /api/auth/test
03:22:56.739 [http-nio-8080-exec-1] TRACE o.s.security.web.FilterChainProxy - Invoking DisableEncodeUrlFilter (1/12)
03:22:56.749 [http-nio-8080-exec-1] TRACE o.s.security.web.FilterChainProxy - Invoking WebAsyncManagerIntegrationFilter (2/12)
03:22:56.752 [http-nio-8080-exec-1] TRACE o.s.security.web.FilterChainProxy - Invoking SecurityContextHolderFilter (3/12)
03:22:56.757 [http-nio-8080-exec-1] TRACE o.s.security.web.FilterChainProxy - Invoking HeaderWriterFilter (4/12)
03:22:56.759 [http-nio-8080-exec-1] TRACE o.s.security.web.FilterChainProxy - Invoking CorsFilter (5/12)
03:22:56.761 [http-nio-8080-exec-1] TRACE o.s.security.web.FilterChainProxy - Invoking LogoutFilter (6/12)
03:22:56.762 [http-nio-8080-exec-1] TRACE o.s.s.w.a.logout.LogoutFilter - Did not match request to Or [Ant [pattern='/logout', GET], Ant [pattern='/logout', POST], Ant [pattern='/logout', PUT], Ant [pattern='/logout', DELETE]]
03:22:56.763 [http-nio-8080-exec-1] TRACE o.s.security.web.FilterChainProxy - Invoking JwtAuthenticationFilter (7/12)
03:22:56.763 [http-nio-8080-exec-1] TRACE o.s.security.web.FilterChainProxy - Invoking RequestCacheAwareFilter (8/12)
03:22:56.763 [http-nio-8080-exec-1] TRACE o.s.s.w.s.HttpSessionRequestCache - matchingRequestParameterName is required for getMatchingRequest to lookup a value, but not provided
03:22:56.764 [http-nio-8080-exec-1] TRACE o.s.security.web.FilterChainProxy - Invoking SecurityContextHolderAwareRequestFilter (9/12)
03:22:56.765 [http-nio-8080-exec-1] TRACE o.s.security.web.FilterChainProxy - Invoking AnonymousAuthenticationFilter (10/12)
03:22:56.770 [http-nio-8080-exec-1] TRACE o.s.security.web.FilterChainProxy - Invoking ExceptionTranslationFilter (11/12)
03:22:56.771 [http-nio-8080-exec-1] TRACE o.s.security.web.FilterChainProxy - Invoking AuthorizationFilter (12/12)
03:22:56.779 [http-nio-8080-exec-1] TRACE o.s.s.w.a.i.RequestMatcherDelegatingAuthorizationManager - Authorizing SecurityContextHolderAwareRequestWrapper[ org.springframework.security.web.header.HeaderWriterFilter$HeaderWriterRequest@1e1bfd09]
03:22:56.784 [http-nio-8080-exec-1] WARN  o.s.w.s.h.HandlerMappingIntrospector - Cache miss for REQUEST dispatch to '/api/auth/test' (previous null). Performing MatchableHandlerMapping lookup. This is logged once only at WARN level, and every time at TRACE.
03:22:56.799 [http-nio-8080-exec-1] TRACE o.s.s.w.a.i.RequestMatcherDelegatingAuthorizationManager - Checking authorization on SecurityContextHolderAwareRequestWrapper[ org.springframework.security.web.header.HeaderWriterFilter$HeaderWriterRequest@1e1bfd09] using org.springframework.security.config.annotation.web.configurers.AuthorizeHttpRequestsConfigurer$$Lambda$1425/0x00000008014f6788@290399dd
03:22:56.804 [http-nio-8080-exec-1] DEBUG o.s.security.web.FilterChainProxy - Secured GET /api/auth/test
03:22:56.862 [http-nio-8080-exec-1] TRACE o.s.s.w.h.writers.HstsHeaderWriter - Not injecting HSTS header since it did not match request to [Is Secure]
03:22:56.871 [http-nio-8080-exec-1] TRACE o.s.s.w.c.HttpSessionSecurityContextRepository - No HttpSession currently exists
03:22:56.871 [http-nio-8080-exec-1] TRACE o.s.s.w.c.SupplierDeferredSecurityContext - Created SecurityContextImpl [Null authentication]
03:22:56.871 [http-nio-8080-exec-1] TRACE o.s.s.w.c.SupplierDeferredSecurityContext - Created SecurityContextImpl [Null authentication]
03:22:56.880 [http-nio-8080-exec-1] TRACE o.s.s.w.a.AnonymousAuthenticationFilter - Set SecurityContextHolder to AnonymousAuthenticationToken [Principal=anonymousUser, Credentials=[PROTECTED], Authenticated=true, Details=WebAuthenticationDetails [RemoteIpAddress=0:0:0:0:0:0:0:1, SessionId=null], Granted Authorities=[ROLE_ANONYMOUS]]
03:22:56.997 [http-nio-8080-exec-2] TRACE o.s.security.web.FilterChainProxy - Trying to match request against DefaultSecurityFilterChain [RequestMatcher=any request, Filters=[org.springframework.security.web.session.DisableEncodeUrlFilter@7af5ce66, org.springframework.security.web.context.request.async.WebAsyncManagerIntegrationFilter@3f2bf80d, org.springframework.security.web.context.SecurityContextHolderFilter@738ed8d3, org.springframework.security.web.header.HeaderWriterFilter@6db59e26, org.springframework.web.filter.CorsFilter@6cb5a64d, org.springframework.security.web.authentication.logout.LogoutFilter@78c9c38a, xyz.kiridepapel.portfoliobackend.config.JwtAuthenticationFilter@6894436e, org.springframework.security.web.savedrequest.RequestCacheAwareFilter@517fb2c3, org.springframework.security.web.servletapi.SecurityContextHolderAwareRequestFilter@69e58566, org.springframework.security.web.authentication.AnonymousAuthenticationFilter@729eef5f, org.springframework.security.web.access.ExceptionTranslationFilter@6e200307, org.springframework.security.web.access.intercept.AuthorizationFilter@1d4b0a07]] (1/1)
03:22:56.997 [http-nio-8080-exec-2] DEBUG o.s.security.web.FilterChainProxy - Securing GET /favicon.ico
03:22:56.997 [http-nio-8080-exec-2] TRACE o.s.security.web.FilterChainProxy - Invoking DisableEncodeUrlFilter (1/12)
03:22:56.998 [http-nio-8080-exec-2] TRACE o.s.security.web.FilterChainProxy - Invoking WebAsyncManagerIntegrationFilter (2/12)
03:22:56.998 [http-nio-8080-exec-2] TRACE o.s.security.web.FilterChainProxy - Invoking SecurityContextHolderFilter (3/12)
03:22:56.998 [http-nio-8080-exec-2] TRACE o.s.security.web.FilterChainProxy - Invoking HeaderWriterFilter (4/12)
03:22:56.999 [http-nio-8080-exec-2] TRACE o.s.security.web.FilterChainProxy - Invoking CorsFilter (5/12)
03:22:56.999 [http-nio-8080-exec-2] TRACE o.s.security.web.FilterChainProxy - Invoking LogoutFilter (6/12)
03:22:56.999 [http-nio-8080-exec-2] TRACE o.s.s.w.a.logout.LogoutFilter - Did not match request to Or [Ant [pattern='/logout', GET], Ant [pattern='/logout', POST], Ant [pattern='/logout', PUT], Ant [pattern='/logout', DELETE]]
03:22:56.999 [http-nio-8080-exec-2] TRACE o.s.security.web.FilterChainProxy - Invoking JwtAuthenticationFilter (7/12)
03:22:57.007 [http-nio-8080-exec-2] TRACE o.s.s.w.h.writers.HstsHeaderWriter - Not injecting HSTS header since it did not match request to [Is Secure]
